<?xml version="1.0" encoding="UTF-8"?>
<testng-results ignored="0" total="1" passed="1" failed="0" skipped="0">
  <reporter-output>
  </reporter-output>
  <suite started-at="2026-01-13T23:23:24 EST" name="LoginSuite" finished-at="2026-01-13T23:23:28 EST" duration-ms="3475">
    <groups>
    </groups>
    <test started-at="2026-01-13T23:23:24 EST" name="LoginTests" finished-at="2026-01-13T23:23:28 EST" duration-ms="3475">
      <class name="tests.LoginTest">
        <test-method is-config="true" signature="setup()[pri:0, instance:tests.LoginTest@4a883b15]" started-at="2026-01-13T23:23:24 EST" name="setup" finished-at="2026-01-13T23:23:26 EST" duration-ms="2392" status="PASS">
          <reporter-output>
          </reporter-output>
        </test-method> <!-- setup -->
        <test-method signature="testValidLogin()[pri:0, instance:tests.LoginTest@4a883b15]" started-at="2026-01-13T23:23:27 EST" name="testValidLogin" finished-at="2026-01-13T23:23:27 EST" duration-ms="850" status="PASS">
          <reporter-output>
          </reporter-output>
        </test-method> <!-- testValidLogin -->
        <test-method is-config="true" signature="teardown()[pri:0, instance:tests.LoginTest@4a883b15]" started-at="2026-01-13T23:23:27 EST" name="teardown" finished-at="2026-01-13T23:23:27 EST" duration-ms="0" status="PASS">
          <reporter-output>
          </reporter-output>
        </test-method> <!-- teardown -->
      </class> <!-- tests.LoginTest -->
    </test> <!-- LoginTests -->
  </suite> <!-- LoginSuite -->
</testng-results>
